app/build/intermediates/manifest_merge_blame_file/debug/processDebugMainManifest/manifest-merger-blame-debug-report.txt
1<?xml version="1.0" encoding="utf-8"?>
2<manifest xmlns:android="http://schemas.android.com/apk/res/android"
3    package="com.store.storepathfinder"
4    android:versionCode="1"
5    android:versionName="1.0" >
6
7    <uses-sdk
8        android:minSdkVersion="26"
9        android:targetSdkVersion="34" />
10
11    <!-- Include required permissions for Google Maps API to run. -->
12    <uses-permission android:name="android.permission.ACCESS_NETWORK_STATE" />
12-->[com.google.android.gms:play-services-maps:19.0.0] AndroidManifest.xml:23:5-79
12-->[com.google.android.gms:play-services-maps:19.0.0] AndroidManifest.xml:23:22-76
13    <uses-permission android:name="android.permission.INTERNET" />
13-->[com.google.android.gms:play-services-maps:19.0.0] AndroidManifest.xml:24:5-67
13-->[com.google.android.gms:play-services-maps:19.0.0] AndroidManifest.xml:24:22-64
14
15    <uses-feature
15-->[com.google.android.gms:play-services-maps:19.0.0] AndroidManifest.xml:26:5-28:35
16        android:glEsVersion="0x00020000"
16-->[com.google.android.gms:play-services-maps:19.0.0] AndroidManifest.xml:27:9-41
17        android:required="true" />
17-->[com.google.android.gms:play-services-maps:19.0.0] AndroidManifest.xml:28:9-32
18
19    <queries>
19-->[com.google.android.gms:play-services-maps:19.0.0] AndroidManifest.xml:30:5-34:15
20
21        <!-- Needs to be explicitly declared on Android R+ -->
22        <package android:name="com.google.android.apps.maps" />
22-->[com.google.android.gms:play-services-maps:19.0.0] AndroidManifest.xml:33:9-64
22-->[com.google.android.gms:play-services-maps:19.0.0] AndroidManifest.xml:33:18-61
23    </queries>
24
25    <permission
25-->[androidx.core:core:1.13.0] AndroidManifest.xml:22:5-24:47
26        android:name="com.store.storepathfinder.DYNAMIC_RECEIVER_NOT_EXPORTED_PERMISSION"
26-->[androidx.core:core:1.13.0] AndroidManifest.xml:23:9-81
27        android:protectionLevel="signature" />
27-->[androidx.core:core:1.13.0] AndroidManifest.xml:24:9-44
28
29    <uses-permission android:name="com.store.storepathfinder.DYNAMIC_RECEIVER_NOT_EXPORTED_PERMISSION" />
29-->[androidx.core:core:1.13.0] AndroidManifest.xml:26:5-97
29-->[androidx.core:core:1.13.0] AndroidManifest.xml:26:22-94
30
31    <application
31-->src\main\AndroidManifest.xml:4:5-33:19
32        android:allowBackup="true"
32-->src\main\AndroidManifest.xml:5:9-35
33        android:appComponentFactory="androidx.core.app.CoreComponentFactory"
33-->[androidx.core:core:1.13.0] AndroidManifest.xml:28:18-86
34        android:debuggable="true"
35        android:extractNativeLibs="false"
36        android:icon="@mipmap/ic_launcher"
36-->src\main\AndroidManifest.xml:6:9-43
37        android:label="@string/app_name"
37-->src\main\AndroidManifest.xml:7:9-41
38        android:theme="@style/Theme.StorePathFinder" >
38-->src\main\AndroidManifest.xml:8:9-53
39
40        <!-- Главная активность -->
41        <activity
41-->src\main\AndroidManifest.xml:11:9-18:20
42            android:name="com.store.storepathfinder.MainActivity"
42-->src\main\AndroidManifest.xml:12:13-41
43            android:exported="true" >
43-->src\main\AndroidManifest.xml:13:13-36
44            <intent-filter>
44-->src\main\AndroidManifest.xml:14:13-17:29
45                <action android:name="android.intent.action.MAIN" />
45-->src\main\AndroidManifest.xml:15:17-69
45-->src\main\AndroidManifest.xml:15:25-66
46
47                <category android:name="android.intent.category.LAUNCHER" />
47-->src\main\AndroidManifest.xml:16:17-77
47-->src\main\AndroidManifest.xml:16:27-74
48            </intent-filter>
49        </activity>
50
51        <!-- Карта -->
52        <activity
52-->src\main\AndroidManifest.xml:21:9-23:40
53            android:name="com.store.storepathfinder.MapActivity"
53-->src\main\AndroidManifest.xml:22:13-40
54            android:exported="false" />
54-->src\main\AndroidManifest.xml:23:13-37
55
56        <!-- (Если есть SplashActivity) -->
57        <!--
58        <activity
59            android:name=".SplashActivity"
60            android:exported="true"
61            android:theme="@style/Theme.AppCompat.DayNight.NoActionBar" />
62        -->
63
64
65        <!-- Needs to be explicitly declared on P+ -->
66        <uses-library
66-->[com.google.android.gms:play-services-maps:19.0.0] AndroidManifest.xml:39:9-41:40
67            android:name="org.apache.http.legacy"
67-->[com.google.android.gms:play-services-maps:19.0.0] AndroidManifest.xml:40:13-50
68            android:required="false" />
68-->[com.google.android.gms:play-services-maps:19.0.0] AndroidManifest.xml:41:13-37
69
70        <activity
70-->[com.google.android.gms:play-services-base:18.5.0] AndroidManifest.xml:5:9-173
71            android:name="com.google.android.gms.common.api.GoogleApiActivity"
71-->[com.google.android.gms:play-services-base:18.5.0] AndroidManifest.xml:5:19-85
72            android:exported="false"
72-->[com.google.android.gms:play-services-base:18.5.0] AndroidManifest.xml:5:146-170
73            android:theme="@android:style/Theme.Translucent.NoTitleBar" />
73-->[com.google.android.gms:play-services-base:18.5.0] AndroidManifest.xml:5:86-145
74
75        <meta-data
75-->[com.google.android.gms:play-services-basement:18.4.0] AndroidManifest.xml:6:9-122
76            android:name="com.google.android.gms.version"
76-->[com.google.android.gms:play-services-basement:18.4.0] AndroidManifest.xml:6:20-65
77            android:value="@integer/google_play_services_version" />
77-->[com.google.android.gms:play-services-basement:18.4.0] AndroidManifest.xml:6:66-119
78
79        <provider
79-->[androidx.emoji2:emoji2:1.2.0] AndroidManifest.xml:24:9-32:20
80            android:name="androidx.startup.InitializationProvider"
80-->[androidx.emoji2:emoji2:1.2.0] AndroidManifest.xml:25:13-67
81            android:authorities="com.store.storepathfinder.androidx-startup"
81-->[androidx.emoji2:emoji2:1.2.0] AndroidManifest.xml:26:13-68
82            android:exported="false" >
82-->[androidx.emoji2:emoji2:1.2.0] AndroidManifest.xml:27:13-37
83            <meta-data
83-->[androidx.emoji2:emoji2:1.2.0] AndroidManifest.xml:29:13-31:52
84                android:name="androidx.emoji2.text.EmojiCompatInitializer"
84-->[androidx.emoji2:emoji2:1.2.0] AndroidManifest.xml:30:17-75
85                android:value="androidx.startup" />
85-->[androidx.emoji2:emoji2:1.2.0] AndroidManifest.xml:31:17-49
86            <meta-data
86-->[androidx.lifecycle:lifecycle-process:2.6.2] AndroidManifest.xml:29:13-31:52
87                android:name="androidx.lifecycle.ProcessLifecycleInitializer"
87-->[androidx.lifecycle:lifecycle-process:2.6.2] AndroidManifest.xml:30:17-78
88                android:value="androidx.startup" />
88-->[androidx.lifecycle:lifecycle-process:2.6.2] AndroidManifest.xml:31:17-49
89            <meta-data
89-->[androidx.profileinstaller:profileinstaller:1.3.0] AndroidManifest.xml:29:13-31:52
90                android:name="androidx.profileinstaller.ProfileInstallerInitializer"
90-->[androidx.profileinstaller:profileinstaller:1.3.0] AndroidManifest.xml:30:17-85
91                android:value="androidx.startup" />
91-->[androidx.profileinstaller:profileinstaller:1.3.0] AndroidManifest.xml:31:17-49
92        </provider>
93
94        <receiver
94-->[androidx.profileinstaller:profileinstaller:1.3.0] AndroidManifest.xml:34:9-52:20
95            android:name="androidx.profileinstaller.ProfileInstallReceiver"
95-->[androidx.profileinstaller:profileinstaller:1.3.0] AndroidManifest.xml:35:13-76
96            android:directBootAware="false"
96-->[androidx.profileinstaller:profileinstaller:1.3.0] AndroidManifest.xml:36:13-44
97            android:enabled="true"
97-->[androidx.profileinstaller:profileinstaller:1.3.0] AndroidManifest.xml:37:13-35
98            android:exported="true"
98-->[androidx.profileinstaller:profileinstaller:1.3.0] AndroidManifest.xml:38:13-36
99            android:permission="android.permission.DUMP" >
99-->[androidx.profileinstaller:profileinstaller:1.3.0] AndroidManifest.xml:39:13-57
100            <intent-filter>
100-->[androidx.profileinstaller:profileinstaller:1.3.0] AndroidManifest.xml:40:13-42:29
101                <action android:name="androidx.profileinstaller.action.INSTALL_PROFILE" />
101-->[androidx.profileinstaller:profileinstaller:1.3.0] AndroidManifest.xml:41:17-91
101-->[androidx.profileinstaller:profileinstaller:1.3.0] AndroidManifest.xml:41:25-88
102            </intent-filter>
103            <intent-filter>
103-->[androidx.profileinstaller:profileinstaller:1.3.0] AndroidManifest.xml:43:13-45:29
104                <action android:name="androidx.profileinstaller.action.SKIP_FILE" />
104-->[androidx.profileinstaller:profileinstaller:1.3.0] AndroidManifest.xml:44:17-85
104-->[androidx.profileinstaller:profileinstaller:1.3.0] AndroidManifest.xml:44:25-82
105            </intent-filter>
106            <intent-filter>
106-->[androidx.profileinstaller:profileinstaller:1.3.0] AndroidManifest.xml:46:13-48:29
107                <action android:name="androidx.profileinstaller.action.SAVE_PROFILE" />
107-->[androidx.profileinstaller:profileinstaller:1.3.0] AndroidManifest.xml:47:17-88
107-->[androidx.profileinstaller:profileinstaller:1.3.0] AndroidManifest.xml:47:25-85
108            </intent-filter>
109            <intent-filter>
109-->[androidx.profileinstaller:profileinstaller:1.3.0] AndroidManifest.xml:49:13-51:29
110                <action android:name="androidx.profileinstaller.action.BENCHMARK_OPERATION" />
110-->[androidx.profileinstaller:profileinstaller:1.3.0] AndroidManifest.xml:50:17-95
110-->[androidx.profileinstaller:profileinstaller:1.3.0] AndroidManifest.xml:50:25-92
111            </intent-filter>
112        </receiver>
113    </application>
114
115</manifest>